<?xml version="1.0" encoding="UTF-8"?>
<testsuite xmlns:xsi="http://www.w3.org/2001/XMLSchema-instance" xsi:noNamespaceSchemaLocation="https://maven.apache.org/surefire/maven-surefire-plugin/xsd/surefire-test-report.xsd" version="3.0.2" name="cucumber.Options.TestRunner" time="11.76" tests="1" errors="0" skipped="0" failures="0">
  <properties>
[...]
</properties>
  <testcase name="verify if add faculty is being successfully added using AddFacultyAPI" classname="Validating Faculty API&apos;s" time="10.885">
    <system-out><![CDATA[Resource URL : /api/manager/faculty-maintenance/facultyDetails
Response Body : {"data":{"facultyID":61101},"isSuccess":true,"statusCode":200}
Captured Faculty ID : 61101
]]></system-out>
  </testcase>
</testsuite>